<?xml version="1.0" encoding="UTF-8"?>
<!-- Generated by org.testng.reporters.JUnitXMLReporter -->
<testsuite ignored="0" hostname="DESKTOP-E3FMKFP" failures="1" tests="3" name="DemoTest" time="0.113" errors="0" timestamp="2022-11-11T20:36:43 IST">
  <testcase classname="utilities.TestCase1" name="test1" time="0.017"/>
  <testcase classname="utilities.TestCase1" name="test2" time="0.004"/>
  <testcase classname="utilities.TestCase1" name="test3" time="0.007">
    <failure type="java.lang.AssertionError" message="null">
      <![CDATA[java.lang.AssertionError: null
at utilities.TestCase1.test3(TestCase1.java:33)
at java.base/java.util.ArrayList.forEach(ArrayList.java:1511)
... Removed 27 stack frames]]>
    </failure>
  </testcase> <!-- test3 -->
</testsuite> <!-- DemoTest -->
